{
  "stats": {
    "suites": 4,
    "tests": 9,
    "passes": 8,
    "pending": 1,
    "failures": 0,
    "testsRegistered": 9,
    "passPercent": 88.88888888888889,
    "pendingPercent": 11.11111111111111,
    "other": 0,
    "hasOther": false,
    "skipped": 0,
    "hasSkipped": false,
    "start": "2024-01-09T12:34:12.807Z",
    "end": "2024-01-09T12:37:52.420Z",
    "duration": 219613
  },
  "results": [
    {
      "uuid": "29997cdd-e2c0-405a-b815-5c513119f32e",
      "title": "",
      "fullFile": "cypress\\e2e\\OrangeHRM\\employee.cy.js",
      "file": "cypress\\e2e\\OrangeHRM\\employee.cy.js",
      "beforeHooks": [],
      "afterHooks": [],
      "tests": [
        {
          "title": "Punch In or Out",
          "fullTitle": "Punch In or Out",
          "timedOut": null,
          "duration": 43195,
          "state": "passed",
          "speed": "slow",
          "pass": true,
          "fail": false,
          "pending": false,
          "context": null,
          "code": "cy.wait(5000);\nlet punchInDate;\nlet punchInTime;\nlet punchType;\ncy.get('div.orangehrm-attendance-card-bar > button').click();\ncy.wait(10000);\ncy.get('.orangehrm-card-container > .oxd-text--h6').invoke('text').then(text => {\n  punchType = text;\n  if (punchType == \"Punch In\") {\n    cy.get('.oxd-date-input > .oxd-input').invoke('val').then(value => {\n      punchInDate = value;\n      cy.log(`Punched in Date: ${punchInDate}`);\n      cy.wrap(punchInDate).as('punchInDate');\n    });\n    cy.get('.oxd-time-input > .oxd-input').invoke('val').then(value => {\n      punchInTime = value;\n      cy.log(`Punched in Time: ${punchInTime}`);\n      cy.wrap(punchInTime).as('punchInTime');\n    });\n    cy.get('.oxd-button').click();\n    cy.wait(5000);\n    cy.get('@punchInDate').then(punchInDate => {\n      cy.get('@punchInTime').then(punchInTime => {\n        cy.get(':nth-child(2) > .oxd-text--p').should(\"contain.text\", punchInDate).should(\"contain.text\", punchInTime);\n      });\n    });\n    cy.log(\"You are punched in. You can now punch out\");\n  } else {\n    cy.log(\"Please punch out\");\n    cy.get('.oxd-time-input > .oxd-input').click();\n    for (let i = 0; i <= 5; i++) {\n      cy.get('.oxd-time-minute-input > .bi-chevron-up').click();\n    }\n    cy.get(':nth-child(2) > input').click();\n    cy.get('.oxd-button').click();\n  }\n});",
          "err": {},
          "uuid": "4919ba3c-3bad-41d3-b6b6-705fe90884bb",
          "parentUUID": "29997cdd-e2c0-405a-b815-5c513119f32e",
          "isHook": false,
          "skipped": false
        }
      ],
      "suites": [
        {
          "uuid": "b10e3133-781c-4113-b5f0-40072b8fbfe5",
          "title": "My Info Module",
          "fullFile": "",
          "file": "",
          "beforeHooks": [],
          "afterHooks": [],
          "tests": [
            {
              "title": "name should be changed",
              "fullTitle": "My Info Module name should be changed",
              "timedOut": null,
              "duration": 20276,
              "state": "passed",
              "speed": "slow",
              "pass": true,
              "fail": false,
              "pending": false,
              "context": null,
              "code": "cy.log(\"Test case 2 is started\");\ncy.wait(4000);\npostLogin.clickMyInfoMenu();\nmyInfoPage.enterFirstname();\nmyInfoPage.enterLastName();\nmyInfoPage.enterNickname();\nmyInfoPage.clickSavePersonalDetails();\ncy.wait(4000);\ncy.reload();\npostLogin.checkName();\ncy.log(\"Test case 2 is completed...\");",
              "err": {},
              "uuid": "1e518d19-7b34-4b42-a7bc-d9c6f99c92c3",
              "parentUUID": "b10e3133-781c-4113-b5f0-40072b8fbfe5",
              "isHook": false,
              "skipped": false
            },
            {
              "title": "attachment should be uploaded, edited, downloaded and deleted",
              "fullTitle": "My Info Module attachment should be uploaded, edited, downloaded and deleted",
              "timedOut": null,
              "duration": 33225,
              "state": "passed",
              "speed": "slow",
              "pass": true,
              "fail": false,
              "pending": false,
              "context": null,
              "code": "cy.log(\"Test case 3 is started\");\ncy.get(':nth-child(3) > .oxd-main-menu-item') //click on My Info\n.click();\ncy.scrollTo(0, 500);\ncy.get('.orangehrm-action-header > .oxd-button') //Click on Add Attachment\n.click();\ncy.wait(4000);\ncy.get('.oxd-file-input').selectFile(\"cypress/fixtures/sample.txt\", {\n  force: true\n}); //Upload an Attachment\ncy.get('.oxd-textarea').type(\"This is sample file\"); //Comment about the attachment\ncy.get(\"h6\") //Save the attachment\n.contains(\"Add Attachment\").siblings(\"form\").find(\"div>button[type='submit']\").click();\ncy.get('.oxd-table-row > :nth-child(2) > div') //Check the file name in table\n.should(\"have.text\", \"sample.txt\");\ncy.get('.oxd-table-row > :nth-child(3) > div') //Check the comment about the file\n.should(\"have.text\", \"This is sample file\");\ncy.wait(2000);\ncy.get('.oxd-table-cell-actions > :nth-child(3)') //Download the attachment\n.click();\n//=================================//\ncy.get('.oxd-table-cell-actions > :nth-child(1)').click(); //Edit Attachment\ncy.get('div.orangehrm-card-container > form > div:nth-child(2) > div:nth-child(1) label').should(\"have.text\", \"Replace With\");\ncy.get('.oxd-file-div') //Click on Add Attachment\n.click();\ncy.wait(4000);\ncy.get('.oxd-file-input').selectFile(\"cypress/fixtures/sample2.txt\", {\n  force: true\n}); //Upload an Attachment\ncy.get('.oxd-textarea').clear().type(\"This is replaced sample 2 file\"); //Comment about the attachment\ncy.get(\"h6\") //Save the attachment\n.contains(\"Edit Attachment\").siblings(\"form\").find(\"div>button[type='submit']\").click();\ncy.get('.oxd-table-cell-actions > :nth-child(3)') //Download the attachment\n.click();\ncy.readFile('cypress/downloads/sample.txt').then(file1Content => {\n  //Comparing two files\n  cy.readFile('cypress/downloads/sample2.txt').then(file2Content => {\n    expect(file1Content).to.not.equal(file2Content);\n  });\n});\ncy.get('.oxd-table-cell-actions > :nth-child(2)') //Click on the delete icon to delete the uploaded attachment\n.click();\ncy.get('.oxd-button--label-danger') //Confirm Delete\n.click();\ncy.wait(4000);\ncy.get('div>span.oxd-text--span').should(\"have.text\", \"No Records Found\"); //Assert no records found",
              "err": {},
              "uuid": "729c5f97-3019-4b26-99ad-d86d51efdbfc",
              "parentUUID": "b10e3133-781c-4113-b5f0-40072b8fbfe5",
              "isHook": false,
              "skipped": false
            }
          ],
          "suites": [],
          "passes": [
            "1e518d19-7b34-4b42-a7bc-d9c6f99c92c3",
            "729c5f97-3019-4b26-99ad-d86d51efdbfc"
          ],
          "failures": [],
          "pending": [],
          "skipped": [],
          "duration": 53501,
          "root": false,
          "rootEmpty": false,
          "_timeout": 2000
        }
      ],
      "passes": [
        "4919ba3c-3bad-41d3-b6b6-705fe90884bb"
      ],
      "failures": [],
      "pending": [],
      "skipped": [],
      "duration": 43195,
      "root": true,
      "rootEmpty": false,
      "_timeout": 2000
    },
    {
      "uuid": "69097871-2548-42a6-9058-c78f530a49ca",
      "title": "",
      "fullFile": "cypress\\e2e\\OrangeHRM\\login_logout.cy.js",
      "file": "cypress\\e2e\\OrangeHRM\\login_logout.cy.js",
      "beforeHooks": [],
      "afterHooks": [],
      "tests": [],
      "suites": [
        {
          "uuid": "197fda4f-039e-4bd3-ba6f-401858373aaf",
          "title": "Login Test",
          "fullFile": "",
          "file": "",
          "beforeHooks": [],
          "afterHooks": [],
          "tests": [
            {
              "title": "Invalid Login - User should not be logged in",
              "fullTitle": "Login Test Invalid Login - User should not be logged in",
              "timedOut": null,
              "duration": 13211,
              "state": "passed",
              "speed": "slow",
              "pass": true,
              "fail": false,
              "pending": false,
              "context": null,
              "code": "loginPage.enterUserName(\"iadmin\");\nloginPage.enterPassword(\"ipassword\");\nloginPage.clickLoginButton();\nloginPage.checkInvalidLogin();",
              "err": {},
              "uuid": "ef952aaa-dbbf-4ac9-bf72-92039105ecb1",
              "parentUUID": "197fda4f-039e-4bd3-ba6f-401858373aaf",
              "isHook": false,
              "skipped": false
            },
            {
              "title": "Valid Login - User should be logged in",
              "fullTitle": "Login Test Valid Login - User should be logged in",
              "timedOut": null,
              "duration": 3172,
              "state": "passed",
              "speed": "fast",
              "pass": true,
              "fail": false,
              "pending": false,
              "context": null,
              "code": "loginPage.enterUserName(\"Admin\");\nloginPage.enterPassword(\"admin123\");\nloginPage.clickLoginButton();\ncy.url().should(\"equal\", postLogin.dashboard_url);",
              "err": {},
              "uuid": "fbebfce8-0324-4cd5-9a6d-90f983090f26",
              "parentUUID": "197fda4f-039e-4bd3-ba6f-401858373aaf",
              "isHook": false,
              "skipped": false
            }
          ],
          "suites": [],
          "passes": [
            "ef952aaa-dbbf-4ac9-bf72-92039105ecb1",
            "fbebfce8-0324-4cd5-9a6d-90f983090f26"
          ],
          "failures": [],
          "pending": [],
          "skipped": [],
          "duration": 16383,
          "root": false,
          "rootEmpty": false,
          "_timeout": 2000
        },
        {
          "uuid": "993ee9e1-5ab9-4dbd-af0d-0fd98c2d39e7",
          "title": "Logout Test",
          "fullFile": "",
          "file": "",
          "beforeHooks": [],
          "afterHooks": [],
          "tests": [
            {
              "title": "User should be logged out",
              "fullTitle": "Logout Test User should be logged out",
              "timedOut": null,
              "duration": 10727,
              "state": "passed",
              "speed": "slow",
              "pass": true,
              "fail": false,
              "pending": false,
              "context": null,
              "code": "loginPage.enterUserName(\"Admin\");\nloginPage.enterPassword(\"admin123\");\nloginPage.clickLoginButton();\ncy.wait(2000);\npostLogin.clickUserDropdown();\npostLogin.clickLogout();\ncy.wait(4000);\ncy.url().should(\"equal\", loginPage.login_page_url);",
              "err": {},
              "uuid": "d6c9112b-84a8-44b3-9ad2-97a086734c55",
              "parentUUID": "993ee9e1-5ab9-4dbd-af0d-0fd98c2d39e7",
              "isHook": false,
              "skipped": false
            }
          ],
          "suites": [],
          "passes": [
            "d6c9112b-84a8-44b3-9ad2-97a086734c55"
          ],
          "failures": [],
          "pending": [],
          "skipped": [],
          "duration": 10727,
          "root": false,
          "rootEmpty": false,
          "_timeout": 2000
        }
      ],
      "passes": [],
      "failures": [],
      "pending": [],
      "skipped": [],
      "duration": 0,
      "root": true,
      "rootEmpty": true,
      "_timeout": 2000
    },
    {
      "uuid": "d32dffd0-91c9-4c41-a2fb-ef61ac10f161",
      "title": "",
      "fullFile": "cypress\\e2e\\OrangeHRM\\suduku.cy.js",
      "file": "cypress\\e2e\\OrangeHRM\\suduku.cy.js",
      "beforeHooks": [],
      "afterHooks": [],
      "tests": [],
      "suites": [
        {
          "uuid": "21dcb131-74e8-4873-8162-7ec0001a3f55",
          "title": "Login Test",
          "fullFile": "",
          "file": "",
          "beforeHooks": [],
          "afterHooks": [],
          "tests": [
            {
              "title": "Invalid Login - User should not be logged in",
              "fullTitle": "Login Test Invalid Login - User should not be logged in",
              "timedOut": null,
              "duration": 0,
              "state": "pending",
              "speed": null,
              "pass": false,
              "fail": false,
              "pending": true,
              "context": null,
              "code": "cy.visit(\"http://localhost:3000\");\ncy.wait(5000);\ncy.get('.status__time').should(\"have.text\", \"00:07\");\n// cy.get(':nth-child(4) > :nth-child(6)').click()\n// cy.get('.status__numbers > :nth-child(7)').click()\ncy.get(\".game__cell--filled\").should(\"have.length\", \"45\");\ncy.get(\".game__cell\").should(\"have.length\", \"81\");\ncy.get(\"td.game__cell:contains('0')\").should(\"have.length\", \"36\");\ncy.get(\"td.game__cell:contains('0')\").eq(0).click();\ncy.get('.status__numbers > :nth-child(8)').click();\ncy.get(\"td.game__cell:contains('0')\").should(\"have.length\", \"35\");",
              "err": {},
              "uuid": "c07cf0fe-8bd9-45a0-8522-c43e9d9ceb74",
              "parentUUID": "21dcb131-74e8-4873-8162-7ec0001a3f55",
              "isHook": false,
              "skipped": false
            }
          ],
          "suites": [],
          "passes": [],
          "failures": [],
          "pending": [
            "c07cf0fe-8bd9-45a0-8522-c43e9d9ceb74"
          ],
          "skipped": [],
          "duration": 0,
          "root": false,
          "rootEmpty": false,
          "_timeout": 2000
        }
      ],
      "passes": [],
      "failures": [],
      "pending": [],
      "skipped": [],
      "duration": 0,
      "root": true,
      "rootEmpty": true,
      "_timeout": 2000
    },
    {
      "uuid": "199e4ebf-aa2f-49bf-86db-0328f5a49045",
      "title": "",
      "fullFile": "cypress\\e2e\\OrangeHRM\\admin.cy.js",
      "file": "cypress\\e2e\\OrangeHRM\\admin.cy.js",
      "beforeHooks": [],
      "afterHooks": [],
      "tests": [],
      "suites": [
        {
          "uuid": "5a06e7b6-8914-4b24-b72f-e34bf7f0c963",
          "title": "Admin Module",
          "fullFile": "",
          "file": "",
          "beforeHooks": [],
          "afterHooks": [],
          "tests": [
            {
              "title": "language should be change to English",
              "fullTitle": "Admin Module language should be change to English",
              "timedOut": null,
              "duration": 27417,
              "state": "passed",
              "speed": "slow",
              "pass": true,
              "fail": false,
              "pending": false,
              "context": null,
              "code": "cy.log(\"Test case 1 is started\");\ncy.wait(4000);\npostLogin.clickAdminMenu();\nadminPage.clickConfiguration();\ncy.wait(2000);\nadminPage.clickLocalization();\ncy.wait(4000);\nadminPage.displayedLanguage().then(currentLanguage => {\n  if (currentLanguage.trim() !== adminPage.expected_language) {\n    adminPage.clickLanguageDropdown();\n    adminPage.selectLanguage();\n    adminPage.clickSave();\n  } else {\n    adminPage.checkSelectedLanguage();\n  }\n});\ncy.log(\"Test case 1 is completed...\");",
              "err": {},
              "uuid": "da07582a-4762-49b8-ac82-7aaba31486d0",
              "parentUUID": "5a06e7b6-8914-4b24-b72f-e34bf7f0c963",
              "isHook": false,
              "skipped": false
            }
          ],
          "suites": [],
          "passes": [
            "da07582a-4762-49b8-ac82-7aaba31486d0"
          ],
          "failures": [],
          "pending": [],
          "skipped": [],
          "duration": 27417,
          "root": false,
          "rootEmpty": false,
          "_timeout": 2000
        },
        {
          "uuid": "eb11676a-931c-4105-b8d1-0d756d1f4660",
          "title": "PIM Module",
          "fullFile": "",
          "file": "",
          "beforeHooks": [],
          "afterHooks": [],
          "tests": [
            {
              "title": "Add an Employee",
              "fullTitle": "PIM Module Add an Employee",
              "timedOut": null,
              "duration": 45606,
              "state": "passed",
              "speed": "slow",
              "pass": true,
              "fail": false,
              "pending": false,
              "context": null,
              "code": "cy.get(':nth-child(2) > .oxd-main-menu-item').click(); // Go to PIM\ncy.get('.oxd-topbar-body-nav > ul > :nth-child(3)').click(); // Click on Add Employee in top Navbar\ncy.get('.--name-grouped-field > :nth-child(1) > :nth-child(2) > .oxd-input').type(\"Ethan\"); //Enter First Name\ncy.get(':nth-child(2) > :nth-child(2) > .oxd-input').type(\"James\"); // Enter Middle Name\ncy.get(':nth-child(3) > :nth-child(2) > .oxd-input').type(\"Parker\"); // Enter Last Name\ncy.get('.orangehrm-full-width-grid > div > div > div:nth-child(2) > input').invoke('val').then(value => {\n  employeeId = value;\n  cy.log(`Employee ID: ${employeeId}`);\n  cy.wrap(employeeId).as('employeeId');\n});\ncy.get('.oxd-switch-input').click(); // Toggle for Create Login Details\ncy.get(':nth-child(4) > .oxd-grid-2 > :nth-child(1) > .oxd-input-group > :nth-child(2) > .oxd-input').type(\"Ethan123\"); // Enter Username\ncy.get('.user-password-cell > .oxd-input-group > :nth-child(2) > .oxd-input').type(\"Sunbeam1\"); // Enter Password\ncy.get('.oxd-grid-2 > :nth-child(2) > .oxd-input-group > :nth-child(2) > .oxd-input').type(\"Sunbeam1\"); // Enter Confirm Password\ncy.get('.orangehrm-employee-image > div > div:nth-child(2) > input').selectFile(\"cypress/fixtures/profile.png\", {\n  force: true\n});\ncy.get('.oxd-button--secondary').click(); // Click on Save button\ncy.log(\"Input Date of Birth\");\ncy.wait(10000);\ncy.scrollTo(0, 200);\ncy.get(':nth-child(1) > .oxd-input-group > :nth-child(2) > .oxd-date-wrapper > .oxd-date-input > .oxd-icon').click(); //Open calendar\ncy.get('.oxd-calendar-selector-month').click();\ncy.get('.oxd-calendar-dropdown > :nth-child(1)').click(); //Month January Selected\ncy.get('.oxd-calendar-selector-year').click();\ncy.contains('1995').click(); //Year 1995 Selected\ncy.get(':nth-child(7) > .oxd-calendar-date').click(); //Date 7 Selected\ncy.get(':nth-child(1) > .oxd-form > .oxd-form-actions > .oxd-button').click(); //Save data\n//Assertion for date of birth\ncy.scrollTo(0, 200);\ncy.get(':nth-child(1) > .oxd-input-group > :nth-child(2) > .oxd-date-wrapper > .oxd-date-input > .oxd-icon').click();\ncy.get('.oxd-calendar-selector-month-selected > .oxd-text').should(\"have.text\", \"January\");\ncy.get('.oxd-calendar-selector-year-selected > .oxd-text').should(\"have.text\", \"1995\");\ncy.get('.--selected').should(\"have.text\", \"7\");\ncy.wait(10000);\ncy.get('li.oxd-topbar-body-nav-tab.--visited').click();\ncy.get(':nth-child(1) > .oxd-input-group > :nth-child(2) > .oxd-autocomplete-wrapper > .oxd-autocomplete-text-input > input').type(\"Ethan\"); //Enter name\ncy.wait(2000);\ncy.get('.oxd-autocomplete-option') //Click on Auto Completion\n.click();\ncy.wait(2000);\ncy.get('.oxd-form-actions > .oxd-button--secondary').click(); //Click on search button\ncy.wait(2000);\ncy.get('@employeeId').then(employeeId => {\n  cy.log(`Outside: ${employeeId}`);\n  cy.get('.oxd-table-card > .oxd-table-row > :nth-child(2) > div').should(\"have.text\", employeeId);\n});\ncy.get('.oxd-table-card > .oxd-table-row > :nth-child(3) > div').should(\"have.text\", \"Ethan James\");\ncy.get('.oxd-table-card > .oxd-table-row > :nth-child(4) > div').should(\"have.text\", \"Parker\");",
              "err": {},
              "uuid": "d0328be5-86a2-402c-b96a-ffa08370d06f",
              "parentUUID": "eb11676a-931c-4105-b8d1-0d756d1f4660",
              "isHook": false,
              "skipped": false
            }
          ],
          "suites": [],
          "passes": [
            "d0328be5-86a2-402c-b96a-ffa08370d06f"
          ],
          "failures": [],
          "pending": [],
          "skipped": [],
          "duration": 45606,
          "root": false,
          "rootEmpty": false,
          "_timeout": 2000
        }
      ],
      "passes": [],
      "failures": [],
      "pending": [],
      "skipped": [],
      "duration": 0,
      "root": true,
      "rootEmpty": true,
      "_timeout": 2000
    }
  ],
  "meta": {
    "mocha": {
      "version": "7.0.1"
    },
    "mochawesome": {
      "options": {
        "quiet": false,
        "reportFilename": "mochawesome",
        "saveHtml": false,
        "saveJson": true,
        "consoleReporter": "spec",
        "useInlineDiffs": false,
        "code": true
      },
      "version": "7.1.3"
    },
    "marge": {
      "options": {
        "charts": true,
        "overwrite": false,
        "html": false,
        "json": true,
        "reportDir": "cypress/reports"
      },
      "version": "6.2.0"
    }
  }
}