{
  "stats": {
    "suites": 0,
    "tests": 1,
    "passes": 0,
    "pending": 0,
    "failures": 1,
    "start": "2024-01-06T16:23:49.259Z",
    "end": "2024-01-06T16:24:03.384Z",
    "duration": 14125,
    "testsRegistered": 1,
    "passPercent": 0,
    "pendingPercent": 0,
    "other": 0,
    "hasOther": false,
    "skipped": 0,
    "hasSkipped": false
  },
  "results": [
    {
      "uuid": "730029fe-d244-4398-8917-9fd041ac533e",
      "title": "",
      "fullFile": "cypress\\e2e\\OrangeHRM\\employee.cy.js",
      "file": "cypress\\e2e\\OrangeHRM\\employee.cy.js",
      "beforeHooks": [],
      "afterHooks": [],
      "tests": [
        {
          "title": "Punch In or Out",
          "fullTitle": "Punch In or Out",
          "timedOut": null,
          "duration": 10698,
          "state": "failed",
          "speed": null,
          "pass": false,
          "fail": true,
          "pending": false,
          "context": null,
          "code": "cy.wait(5000);\nlet punchInDate;\nlet punchInTime;\nlet punchType;\ncy.get('div.orangehrm-attendance-card-bar > button').click();\ncy.wait(10000);\ncy.get('.orangehrm-card-container > .oxd-text--h6').invoke('text').then(text => {\n  punchType = text;\n  if (punchType == \"Punch In\") {\n    cy.get('.oxd-date-input > .oxd-input').invoke('val').then(value => {\n      punchInDate = value;\n      cy.log(`Punched in Date: ${punchInDate}`);\n      cy.wrap(punchInDate).as('punchInDate');\n    });\n    cy.get('.oxd-time-input > .oxd-input').invoke('val').then(value => {\n      punchInTime = value;\n      cy.log(`Punched in Time: ${punchInTime}`);\n      cy.wrap(punchInTime).as('punchInTime');\n    });\n    cy.get('.oxd-button').click();\n    cy.wait(5000);\n    cy.get('@punchInDate').then(punchInDate => {\n      cy.get('@punchInTime').then(punchInTime => {\n        cy.get(':nth-child(2) > .oxd-text--p').should(\"contain.text\", punchInDate).should(\"contain.text\", punchInTime);\n      });\n    });\n    cy.log(\"You are punched in. You can now punch out\");\n  } else {\n    cy.log(\"Please punch out\");\n    cy.get('.oxd-time-input > .oxd-input').click();\n    for (let i = 0; i <= 5; i++) {\n      cy.get('.oxd-time-minute-input > .bi-chevron-up').click();\n    }\n    cy.get(':nth-child(2) > input').click();\n    cy.get('.oxd-button').click();\n  }\n});",
          "err": {
            "message": "CypressError: Timed out after waiting `10000ms` for your remote page to load.\n\nYour page did not fire its `load` event within `10000ms`.\n\nYou can try increasing the `pageLoadTimeout` value in `cypress.config.js` to wait longer.\n\nBrowsers will not fire the `load` event until all stylesheets and scripts are done downloading.\n\nWhen this `load` event occurs, Cypress will continue running commands.\n\nBecause this error occurred during a `before each` hook we are skipping all of the remaining tests.",
            "estack": "CypressError: Timed out after waiting `10000ms` for your remote page to load.\n\nYour page did not fire its `load` event within `10000ms`.\n\nYou can try increasing the `pageLoadTimeout` value in `cypress.config.js` to wait longer.\n\nBrowsers will not fire the `load` event until all stylesheets and scripts are done downloading.\n\nWhen this `load` event occurs, Cypress will continue running commands.\n\nBecause this error occurred during a `before each` hook we are skipping all of the remaining tests.\n    at timedOutWaitingForPageLoad (https://opensource-demo.orangehrmlive.com/__cypress/runner/cypress_runner.js:130429:64)\n    at <unknown> (https://opensource-demo.orangehrmlive.com/__cypress/runner/cypress_runner.js:131417:16)\n    at tryCatcher (https://opensource-demo.orangehrmlive.com/__cypress/runner/cypress_runner.js:1807:23)\n    at <unknown> (https://opensource-demo.orangehrmlive.com/__cypress/runner/cypress_runner.js:4186:41)\n    at tryCatcher (https://opensource-demo.orangehrmlive.com/__cypress/runner/cypress_runner.js:1807:23)\n    at Promise._settlePromiseFromHandler (https://opensource-demo.orangehrmlive.com/__cypress/runner/cypress_runner.js:1519:31)\n    at Promise._settlePromise (https://opensource-demo.orangehrmlive.com/__cypress/runner/cypress_runner.js:1576:18)\n    at Promise._settlePromise0 (https://opensource-demo.orangehrmlive.com/__cypress/runner/cypress_runner.js:1621:10)\n    at Promise._settlePromises (https://opensource-demo.orangehrmlive.com/__cypress/runner/cypress_runner.js:1697:18)\n    at _drainQueueStep (https://opensource-demo.orangehrmlive.com/__cypress/runner/cypress_runner.js:2407:12)\n    at _drainQueue (https://opensource-demo.orangehrmlive.com/__cypress/runner/cypress_runner.js:2400:9)\n    at Async._drainQueues (https://opensource-demo.orangehrmlive.com/__cypress/runner/cypress_runner.js:2416:5)\n    at Async.drainQueues (https://opensource-demo.orangehrmlive.com/__cypress/runner/cypress_runner.js:2286:14)\nFrom Your Spec Code:\n    at Context.eval (webpack:///./cypress/e2e/OrangeHRM/employee.cy.js:7:7)",
            "diff": null
          },
          "uuid": "1bb91163-d8c7-4346-b135-00e42dac0507",
          "parentUUID": "730029fe-d244-4398-8917-9fd041ac533e",
          "isHook": false,
          "skipped": false
        }
      ],
      "suites": [],
      "passes": [],
      "failures": [
        "1bb91163-d8c7-4346-b135-00e42dac0507"
      ],
      "pending": [],
      "skipped": [],
      "duration": 10698,
      "root": true,
      "rootEmpty": false,
      "_timeout": 2000
    }
  ],
  "meta": {
    "mocha": {
      "version": "7.0.1"
    },
    "mochawesome": {
      "options": {
        "quiet": false,
        "reportFilename": "mochawesome",
        "saveHtml": false,
        "saveJson": true,
        "consoleReporter": "spec",
        "useInlineDiffs": false,
        "code": true
      },
      "version": "7.1.3"
    },
    "marge": {
      "options": {
        "charts": true,
        "overwrite": false,
        "html": false,
        "json": true,
        "reportDir": "cypress/reports"
      },
      "version": "6.2.0"
    }
  }
}